#
# There is insufficient memory for the Java Runtime Environment to continue.
# Native memory allocation (malloc) failed to allocate 2114464 bytes for Chunk::new
# Possible reasons:
#   The system is out of physical RAM or swap space
#   The process is running with CompressedOops enabled, and the Java Heap may be blocking the growth of the native heap
# Possible solutions:
#   Reduce memory load on the system
#   Increase physical memory or swap space
#   Check if swap backing store is full
#   Decrease Java heap size (-Xmx/-Xms)
#   Decrease number of Java threads
#   Decrease Java thread stack sizes (-Xss)
#   Set larger code cache with -XX:ReservedCodeCacheSize=
#   JVM is running with Zero Based Compressed Oops mode in which the Java heap is
#     placed in the first 32GB address space. The Java Heap base address is the
#     maximum limit for the native heap growth. Please use -XX:HeapBaseMinAddress
#     to set the Java Heap base and to place the Java Heap above 32GB virtual address.
# This output file may be truncated or incomplete.
#
#  Out of Memory Error (allocation.cpp:389), pid=21632, tid=0x0000000000006ee0
#
# JRE version: Java(TM) SE Runtime Environment (8.0_211-b12) (build 1.8.0_211-b12)
# Java VM: Java HotSpot(TM) 64-Bit Server VM (25.211-b12 mixed mode windows-amd64 compressed oops)
# Failed to write core dump. Minidumps are not enabled by default on client versions of Windows
#

---------------  T H R E A D  ---------------

Current thread (0x00000000195aa800):  JavaThread "C2 CompilerThread0" daemon [_thread_in_native, id=28384, stack(0x0000000019e80000,0x0000000019f80000)]

Stack: [0x0000000019e80000,0x0000000019f80000]
[error occurred during error reporting (printing stack bounds), id 0xc0000005]

Native frames: (J=compiled Java code, j=interpreted, Vv=VM code, C=native code)


Current CompileTask:
C2:  18842 6600       4       java.lang.Class::privateGetPublicMethods (267 bytes)


---------------  P R O C E S S  ---------------

Java Threads: ( => current thread )
  0x000000002335d000 JavaThread "Exec process Thread 3" [_thread_in_native, id=6968, stack(0x000000002a920000,0x000000002aa20000)]
  0x000000002335b800 JavaThread "Exec process Thread 2" [_thread_in_native, id=28088, stack(0x000000002a570000,0x000000002a670000)]
  0x0000000023361000 JavaThread "Exec process" [_thread_in_native, id=2836, stack(0x000000002a6c0000,0x000000002a7c0000)]
  0x000000002335e000 JavaThread "Unconstrained build operations Thread 40" [_thread_blocked, id=23688, stack(0x000000002a080000,0x000000002a180000)]
  0x0000000023361800 JavaThread "Unconstrained build operations Thread 39" [_thread_blocked, id=21676, stack(0x0000000029f80000,0x000000002a080000)]
  0x0000000023360000 JavaThread "Unconstrained build operations Thread 38" [_thread_blocked, id=21412, stack(0x0000000029e80000,0x0000000029f80000)]
  0x000000002335f800 JavaThread "Unconstrained build operations Thread 37" [_thread_blocked, id=7032, stack(0x0000000029d80000,0x0000000029e80000)]
  0x000000002335c800 JavaThread "Unconstrained build operations Thread 36" [_thread_blocked, id=25380, stack(0x0000000029c80000,0x0000000029d80000)]
  0x0000000023355000 JavaThread "Unconstrained build operations Thread 35" [_thread_blocked, id=25968, stack(0x0000000029b80000,0x0000000029c80000)]
  0x0000000023354000 JavaThread "Unconstrained build operations Thread 34" [_thread_blocked, id=9648, stack(0x0000000029a80000,0x0000000029b80000)]
  0x0000000023355800 JavaThread "Unconstrained build operations Thread 33" [_thread_blocked, id=10904, stack(0x0000000029980000,0x0000000029a80000)]
  0x0000000023358800 JavaThread "Unconstrained build operations Thread 32" [_thread_blocked, id=28396, stack(0x0000000029880000,0x0000000029980000)]
  0x0000000023358000 JavaThread "Unconstrained build operations Thread 31" [_thread_blocked, id=15960, stack(0x0000000029780000,0x0000000029880000)]
  0x000000002335b000 JavaThread "Unconstrained build operations Thread 30" [_thread_blocked, id=19032, stack(0x0000000029680000,0x0000000029780000)]
  0x000000002335a000 JavaThread "Unconstrained build operations Thread 29" [_thread_blocked, id=20620, stack(0x0000000029580000,0x0000000029680000)]
  0x0000000023353800 JavaThread "Unconstrained build operations Thread 28" [_thread_blocked, id=24844, stack(0x0000000029480000,0x0000000029580000)]
  0x0000000023359800 JavaThread "Unconstrained build operations Thread 27" [_thread_blocked, id=24332, stack(0x0000000029380000,0x0000000029480000)]
  0x0000000023357000 JavaThread "Unconstrained build operations Thread 26" [_thread_blocked, id=8728, stack(0x0000000029280000,0x0000000029380000)]
  0x0000000023356800 JavaThread "Unconstrained build operations Thread 25" [_thread_blocked, id=7504, stack(0x0000000029180000,0x0000000029280000)]
  0x0000000023352800 JavaThread "Unconstrained build operations Thread 24" [_thread_blocked, id=27592, stack(0x0000000029080000,0x0000000029180000)]
  0x0000000022740000 JavaThread "Unconstrained build operations Thread 23" [_thread_blocked, id=11120, stack(0x0000000028d00000,0x0000000028e00000)]
  0x000000002273f800 JavaThread "Unconstrained build operations Thread 22" [_thread_blocked, id=27108, stack(0x0000000028ad0000,0x0000000028bd0000)]
  0x000000002273e800 JavaThread "Unconstrained build operations Thread 21" [_thread_blocked, id=27852, stack(0x00000000289d0000,0x0000000028ad0000)]
  0x000000002273e000 JavaThread "Unconstrained build operations Thread 20" [_thread_blocked, id=8440, stack(0x00000000288d0000,0x00000000289d0000)]
  0x000000002273d000 JavaThread "Cache worker for execution history cache (E:\project\mig\.gradle\7.5\executionHistory)" [_thread_blocked, id=25592, stack(0x0000000028c00000,0x0000000028d00000)]
  0x000000002273c800 JavaThread "Execution worker Thread 3" [_thread_blocked, id=20372, stack(0x0000000028300000,0x0000000028400000)]
  0x0000000022735000 JavaThread "Execution worker Thread 2" [_thread_blocked, id=26900, stack(0x0000000028200000,0x0000000028300000)]
  0x0000000022739800 JavaThread "Execution worker" [_thread_blocked, id=15852, stack(0x0000000026f70000,0x0000000027070000)]
  0x0000000022736800 JavaThread "included builds" [_thread_blocked, id=16360, stack(0x0000000026e70000,0x0000000026f70000)]
  0x000000002273b000 JavaThread "Memory manager" [_thread_blocked, id=28540, stack(0x0000000026860000,0x0000000026960000)]
  0x0000000022732000 JavaThread "Unconstrained build operations Thread 19" [_thread_blocked, id=24088, stack(0x0000000028100000,0x0000000028200000)]
  0x0000000022734000 JavaThread "Unconstrained build operations Thread 18" [_thread_blocked, id=9820, stack(0x0000000028000000,0x0000000028100000)]
  0x0000000022735800 JavaThread "Unconstrained build operations Thread 17" [_thread_blocked, id=14256, stack(0x0000000027f00000,0x0000000028000000)]
  0x0000000022733800 JavaThread "Unconstrained build operations Thread 16" [_thread_blocked, id=27664, stack(0x0000000027e00000,0x0000000027f00000)]
  0x0000000022738800 JavaThread "Unconstrained build operations Thread 15" [_thread_blocked, id=27272, stack(0x0000000027d00000,0x0000000027e00000)]
  0x0000000022737000 JavaThread "Unconstrained build operations Thread 14" [_thread_blocked, id=17712, stack(0x0000000027c00000,0x0000000027d00000)]
  0x0000000022731000 JavaThread "Unconstrained build operations Thread 13" [_thread_blocked, id=25840, stack(0x0000000027b00000,0x0000000027c00000)]
  0x0000000022732800 JavaThread "Unconstrained build operations Thread 12" [_thread_blocked, id=10932, stack(0x0000000027a00000,0x0000000027b00000)]
  0x0000000022738000 JavaThread "Unconstrained build operations Thread 11" [_thread_blocked, id=25364, stack(0x0000000027900000,0x0000000027a00000)]
  0x0000000020517000 JavaThread "Unconstrained build operations Thread 10" [_thread_blocked, id=17692, stack(0x0000000027800000,0x0000000027900000)]
  0x0000000020514000 JavaThread "Unconstrained build operations Thread 9" [_thread_blocked, id=13232, stack(0x0000000027700000,0x0000000027800000)]
  0x0000000020516000 JavaThread "Unconstrained build operations Thread 8" [_thread_blocked, id=2000, stack(0x0000000027600000,0x0000000027700000)]
  0x0000000020513000 JavaThread "Unconstrained build operations Thread 7" [_thread_blocked, id=13580, stack(0x0000000027500000,0x0000000027600000)]
  0x0000000020514800 JavaThread "Unconstrained build operations Thread 6" [_thread_blocked, id=22644, stack(0x0000000027400000,0x0000000027500000)]
  0x0000000020515800 JavaThread "Unconstrained build operations Thread 5" [_thread_blocked, id=20068, stack(0x0000000027300000,0x0000000027400000)]
  0x000000002050b800 JavaThread "Unconstrained build operations Thread 4" [_thread_blocked, id=1880, stack(0x0000000027200000,0x0000000027300000)]
  0x0000000020512800 JavaThread "Unconstrained build operations Thread 3" [_thread_blocked, id=25536, stack(0x0000000027100000,0x0000000027200000)]
  0x000000002050b000 JavaThread "Unconstrained build operations Thread 2" [_thread_blocked, id=14308, stack(0x0000000026af0000,0x0000000026bf0000)]
  0x0000000020510000 JavaThread "Unconstrained build operations" [_thread_blocked, id=27976, stack(0x00000000269f0000,0x0000000026af0000)]
  0x000000002050c800 JavaThread "Cache worker for Build Output Cleanup Cache (E:\project\mig\.gradle\buildOutputCleanup)" [_thread_blocked, id=14568, stack(0x0000000026560000,0x0000000026660000)]
  0x000000002050f800 JavaThread "Cache worker for dependencies-accessors (E:\project\mig\.gradle\7.5\dependencies-accessors)" [_thread_blocked, id=26156, stack(0x00000000260b0000,0x00000000261b0000)]
  0x0000000020511800 JavaThread "jar transforms Thread 4" [_thread_blocked, id=8108, stack(0x0000000026260000,0x0000000026360000)]
  0x0000000020511000 JavaThread "jar transforms Thread 3" [_thread_blocked, id=15336, stack(0x00000000258c0000,0x00000000259c0000)]
  0x000000002050a000 JavaThread "jar transforms Thread 2" [_thread_blocked, id=25616, stack(0x00000000253c0000,0x00000000254c0000)]
  0x0000000020508000 JavaThread "jar transforms" [_thread_blocked, id=18044, stack(0x00000000240f0000,0x00000000241f0000)]
  0x000000002050e800 JavaThread "Cache worker for execution history cache (C:\Users\User\.gradle\caches\7.5\executionHistory)" [_thread_blocked, id=10256, stack(0x0000000023ff0000,0x00000000240f0000)]
  0x0000000020508800 JavaThread "Cache worker for cache directory md-supplier (C:\Users\User\.gradle\caches\7.5\md-supplier)" [_thread_blocked, id=28244, stack(0x0000000023ef0000,0x0000000023ff0000)]
  0x000000001c303800 JavaThread "Cache worker for file hash cache (E:\project\mig\.gradle\7.5\fileHashes)" [_thread_blocked, id=14000, stack(0x0000000022d30000,0x0000000022e30000)]
  0x000000001c305000 JavaThread "Cache worker for file content cache (C:\Users\User\.gradle\caches\7.5\fileContent)" [_thread_blocked, id=13388, stack(0x0000000022c30000,0x0000000022d30000)]
  0x000000001c305800 JavaThread "Cache worker for cache directory md-rule (C:\Users\User\.gradle\caches\7.5\md-rule)" [_thread_blocked, id=10564, stack(0x0000000021890000,0x0000000021990000)]
  0x000000001c308800 JavaThread "Cache worker for checksums cache (E:\project\mig\.gradle\7.5\checksums)" [_thread_blocked, id=19752, stack(0x0000000021790000,0x0000000021890000)]
  0x000000001c302800 JavaThread "File watcher consumer" daemon [_thread_blocked, id=11100, stack(0x0000000021690000,0x0000000021790000)]
  0x000000001c308000 JavaThread "File watcher server" daemon [_thread_in_native, id=19296, stack(0x0000000021590000,0x0000000021690000)]
  0x000000001c309800 JavaThread "Cache worker for file hash cache (C:\Users\User\.gradle\caches\7.5\fileHashes)" [_thread_blocked, id=28580, stack(0x000000001eed0000,0x000000001efd0000)]
  0x000000001c306800 JavaThread "File lock request listener" [_thread_in_native, id=26324, stack(0x000000001de00000,0x000000001df00000)]
  0x000000001c304000 JavaThread "Cache worker for journal cache (C:\Users\User\.gradle\caches\journal-1)" [_thread_blocked, id=27768, stack(0x000000001db00000,0x000000001dc00000)]
  0x000000001c216800 JavaThread "Daemon client event forwarder" [_thread_blocked, id=19304, stack(0x000000001d900000,0x000000001da00000)]
  0x000000001c1fe800 JavaThread "Stdin handler" [_thread_blocked, id=25196, stack(0x000000001d800000,0x000000001d900000)]
  0x000000001c1fb000 JavaThread "Asynchronous log dispatcher for DefaultDaemonConnection: socket connection from /127.0.0.1:58219 to /127.0.0.1:58220" [_thread_blocked, id=15180, stack(0x000000001d700000,0x000000001d800000)]
  0x000000001c1e7000 JavaThread "Daemon worker" [_thread_blocked, id=9100, stack(0x000000001d600000,0x000000001d700000)]
  0x000000001c1e6000 JavaThread "Cancel handler" [_thread_blocked, id=17108, stack(0x000000001d500000,0x000000001d600000)]
  0x000000001c1b0800 JavaThread "Handler for socket connection from /127.0.0.1:58219 to /127.0.0.1:58220" [_thread_in_native, id=4536, stack(0x000000001d400000,0x000000001d500000)]
  0x000000001c1ab800 JavaThread "Daemon" [_thread_blocked, id=24316, stack(0x000000001d300000,0x000000001d400000)]
  0x000000001c12d800 JavaThread "Daemon periodic checks" [_thread_blocked, id=23504, stack(0x000000001d200000,0x000000001d300000)]
  0x000000001c053000 JavaThread "Incoming local TCP Connector on port 58219" [_thread_in_native, id=11620, stack(0x000000001ce20000,0x000000001cf20000)]
  0x000000001c041000 JavaThread "Daemon health stats" [_thread_blocked, id=21596, stack(0x000000001cd20000,0x000000001ce20000)]
  0x000000001963b000 JavaThread "Service Thread" daemon [_thread_blocked, id=27568, stack(0x000000001a180000,0x000000001a280000)]
  0x00000000195b9800 JavaThread "C1 CompilerThread2" daemon [_thread_blocked, id=24096, stack(0x000000001a080000,0x000000001a180000)]
  0x00000000195af000 JavaThread "C2 CompilerThread1" daemon [_thread_in_native, id=20608, stack(0x0000000019f80000,0x000000001a080000)]
=>0x00000000195aa800 JavaThread "C2 CompilerThread0" daemon [_thread_in_native, id=28384, stack(0x0000000019e80000,0x0000000019f80000)]
  0x000000001959e000 JavaThread "JDWP Command Reader" daemon [_thread_in_native, id=13172, stack(0x0000000019d80000,0x0000000019e80000)]
  0x000000001959b000 JavaThread "JDWP Event Helper Thread" daemon [_thread_blocked, id=14152, stack(0x0000000019c80000,0x0000000019d80000)]
  0x000000001958f000 JavaThread "JDWP Transport Listener: dt_socket" daemon [_thread_blocked, id=19508, stack(0x0000000019b80000,0x0000000019c80000)]
  0x00000000181b1000 JavaThread "Attach Listener" daemon [_thread_blocked, id=26212, stack(0x0000000019a80000,0x0000000019b80000)]
  0x00000000181b0800 JavaThread "Signal Dispatcher" daemon [_thread_blocked, id=25044, stack(0x0000000019980000,0x0000000019a80000)]
  0x00000000028ab000 JavaThread "Finalizer" daemon [_thread_blocked, id=20716, stack(0x00000000193f0000,0x00000000194f0000)]
  0x000000001818a000 JavaThread "Reference Handler" daemon [_thread_blocked, id=27396, stack(0x00000000192f0000,0x00000000193f0000)]
  0x00000000026ae800 JavaThread "main" [_thread_blocked, id=27840, stack(0x00000000026b0000,0x00000000027b0000)]

Other Threads:
  0x0000000018168000 VMThread [stack: 0x00000000191f0000,0x00000000192f0000] [id=28508]
  0x000000001963f800 WatcherThread [stack: 0x000000001a280000,0x000000001a380000] [id=19616]

VM state:not at safepoint (normal execution)

VM Mutex/Monitor currently owned by a thread: None

heap address: 0x000000072a000000, size: 2400 MB, Compressed Oops mode: Zero based, Oop shift amount: 3
Narrow klass base: 0x0000000000000000, Narrow klass shift: 3
Compressed class space size: 1073741824 Address: 0x00000007c0000000

Heap:
 PSYoungGen      total 210432K, used 62408K [0x000000078e000000, 0x000000079bb80000, 0x00000007c0000000)
  eden space 198144K, 26% used [0x000000078e000000,0x0000000791297d68,0x000000079a180000)
  from space 12288K, 86% used [0x000000079af80000,0x000000079b9da400,0x000000079bb80000)
  to   space 13312K, 0% used [0x000000079a180000,0x000000079a180000,0x000000079ae80000)
 ParOldGen       total 87552K, used 29409K [0x000000072a000000, 0x000000072f580000, 0x000000078e000000)
  object space 87552K, 33% used [0x000000072a000000,0x000000072bcb8450,0x000000072f580000)
 Metaspace       used 52157K, capacity 56156K, committed 56448K, reserved 1097728K
  class space    used 7512K, capacity 8193K, committed 8320K, reserved 1048576K

Card table byte_map: [0x0000000011c70000,0x0000000012130000] byte_map_base: 0x000000000e320000

Marking Bits: (ParMarkBitMap*) 0x0000000055b15ce0
 Begin Bits: [0x0000000012850000, 0x0000000014dd0000)
 End Bits:   [0x0000000014dd0000, 0x0000000017350000)

Polling page: 0x00000000006e0000

CodeCache: size=245760Kb used=19288Kb max_used=20276Kb free=226471Kb
 bounds [0x00000000028b0000, 0x0000000003ca0000, 0x00000000118b0000]
 total_blobs=6498 nmethods=5738 adapters=679
 compilation: enabled

Compilation events (10 events):
Event: 18.393 Thread 0x00000000195b9800 6622       3       java.lang.ProcessEnvironment$CheckedEntry::getKey (5 bytes)
Event: 18.394 Thread 0x00000000195b9800 nmethod 6622 0x000000000395e790 code [0x000000000395e900, 0x000000000395ec68]
Event: 18.394 Thread 0x00000000195b9800 6621       3       java.lang.ProcessEnvironment$CheckedEntrySet$1::next (5 bytes)
Event: 18.394 Thread 0x00000000195b9800 nmethod 6621 0x0000000003426050 code [0x00000000034261e0, 0x00000000034266a8]
Event: 18.410 Thread 0x00000000195b9800 6624       3       java.util.IdentityHashMap::put (137 bytes)
Event: 18.410 Thread 0x00000000195b9800 nmethod 6624 0x0000000003423350 code [0x0000000003423540, 0x0000000003423f78]
Event: 18.411 Thread 0x00000000195b9800 6625       3       java.lang.StringBuilder::append (8 bytes)
Event: 18.411 Thread 0x00000000195b9800 nmethod 6625 0x000000000394ee50 code [0x000000000394efc0, 0x000000000394f168]
Event: 18.487 Thread 0x00000000195aa800 nmethod 6568% 0x0000000002c6da50 code [0x0000000002c6df60, 0x0000000002c75dd8]
Event: 18.487 Thread 0x00000000195aa800 6600       4       java.lang.Class::privateGetPublicMethods (267 bytes)

GC Heap History (10 events):
Event: 10.454 GC heap before
{Heap before GC invocations=10 (full 1):
 PSYoungGen      total 116224K, used 90998K [0x000000078e000000, 0x0000000797100000, 0x00000007c0000000)
  eden space 110592K, 77% used [0x000000078e000000,0x00000007933adab8,0x0000000794c00000)
  from space 5632K, 94% used [0x0000000796b80000,0x00000007970aff90,0x0000000797100000)
  to   space 9216K, 0% used [0x0000000795f00000,0x0000000795f00000,0x0000000796800000)
 ParOldGen       total 59392K, used 9128K [0x000000072a000000, 0x000000072da00000, 0x000000078e000000)
  object space 59392K, 15% used [0x000000072a000000,0x000000072a8ea1f8,0x000000072da00000)
 Metaspace       used 33756K, capacity 35320K, committed 35456K, reserved 1079296K
  class space    used 4795K, capacity 5130K, committed 5248K, reserved 1048576K
Event: 10.496 GC heap after
Heap after GC invocations=10 (full 1):
 PSYoungGen      total 139264K, used 9204K [0x000000078e000000, 0x0000000798b80000, 0x00000007c0000000)
  eden space 130048K, 0% used [0x000000078e000000,0x000000078e000000,0x0000000795f00000)
  from space 9216K, 99% used [0x0000000795f00000,0x00000007967fd048,0x0000000796800000)
  to   space 11264K, 0% used [0x0000000798080000,0x0000000798080000,0x0000000798b80000)
 ParOldGen       total 59392K, used 11453K [0x000000072a000000, 0x000000072da00000, 0x000000078e000000)
  object space 59392K, 19% used [0x000000072a000000,0x000000072ab2f4a0,0x000000072da00000)
 Metaspace       used 33756K, capacity 35320K, committed 35456K, reserved 1079296K
  class space    used 4795K, capacity 5130K, committed 5248K, reserved 1048576K
}
Event: 10.496 GC heap before
{Heap before GC invocations=11 (full 2):
 PSYoungGen      total 139264K, used 9204K [0x000000078e000000, 0x0000000798b80000, 0x00000007c0000000)
  eden space 130048K, 0% used [0x000000078e000000,0x000000078e000000,0x0000000795f00000)
  from space 9216K, 99% used [0x0000000795f00000,0x00000007967fd048,0x0000000796800000)
  to   space 11264K, 0% used [0x0000000798080000,0x0000000798080000,0x0000000798b80000)
 ParOldGen       total 59392K, used 11453K [0x000000072a000000, 0x000000072da00000, 0x000000078e000000)
  object space 59392K, 19% used [0x000000072a000000,0x000000072ab2f4a0,0x000000072da00000)
 Metaspace       used 33756K, capacity 35320K, committed 35456K, reserved 1079296K
  class space    used 4795K, capacity 5130K, committed 5248K, reserved 1048576K
Event: 10.591 GC heap after
Heap after GC invocations=11 (full 2):
 PSYoungGen      total 139264K, used 0K [0x000000078e000000, 0x0000000798b80000, 0x00000007c0000000)
  eden space 130048K, 0% used [0x000000078e000000,0x000000078e000000,0x0000000795f00000)
  from space 9216K, 0% used [0x0000000795f00000,0x0000000795f00000,0x0000000796800000)
  to   space 11264K, 0% used [0x0000000798080000,0x0000000798080000,0x0000000798b80000)
 ParOldGen       total 87552K, used 18523K [0x000000072a000000, 0x000000072f580000, 0x000000078e000000)
  object space 87552K, 21% used [0x000000072a000000,0x000000072b216d70,0x000000072f580000)
 Metaspace       used 33756K, capacity 35320K, committed 35456K, reserved 1079296K
  class space    used 4795K, capacity 5130K, committed 5248K, reserved 1048576K
}
Event: 12.265 GC heap before
{Heap before GC invocations=12 (full 2):
 PSYoungGen      total 139264K, used 130048K [0x000000078e000000, 0x0000000798b80000, 0x00000007c0000000)
  eden space 130048K, 100% used [0x000000078e000000,0x0000000795f00000,0x0000000795f00000)
  from space 9216K, 0% used [0x0000000795f00000,0x0000000795f00000,0x0000000796800000)
  to   space 11264K, 0% used [0x0000000798080000,0x0000000798080000,0x0000000798b80000)
 ParOldGen       total 87552K, used 18523K [0x000000072a000000, 0x000000072f580000, 0x000000078e000000)
  object space 87552K, 21% used [0x000000072a000000,0x000000072b216d70,0x000000072f580000)
 Metaspace       used 40414K, capacity 42490K, committed 42624K, reserved 1085440K
  class space    used 5748K, capacity 6153K, committed 6272K, reserved 1048576K
Event: 12.281 GC heap after
Heap after GC invocations=12 (full 2):
 PSYoungGen      total 163840K, used 9291K [0x000000078e000000, 0x000000079a000000, 0x00000007c0000000)
  eden space 152576K, 0% used [0x000000078e000000,0x000000078e000000,0x0000000797500000)
  from space 11264K, 82% used [0x0000000798080000,0x0000000798992d50,0x0000000798b80000)
  to   space 11776K, 0% used [0x0000000797500000,0x0000000797500000,0x0000000798080000)
 ParOldGen       total 87552K, used 18531K [0x000000072a000000, 0x000000072f580000, 0x000000078e000000)
  object space 87552K, 21% used [0x000000072a000000,0x000000072b218d70,0x000000072f580000)
 Metaspace       used 40414K, capacity 42490K, committed 42624K, reserved 1085440K
  class space    used 5748K, capacity 6153K, committed 6272K, reserved 1048576K
}
Event: 15.443 GC heap before
{Heap before GC invocations=13 (full 2):
 PSYoungGen      total 163840K, used 161867K [0x000000078e000000, 0x000000079a000000, 0x00000007c0000000)
  eden space 152576K, 100% used [0x000000078e000000,0x0000000797500000,0x0000000797500000)
  from space 11264K, 82% used [0x0000000798080000,0x0000000798992d50,0x0000000798b80000)
  to   space 11776K, 0% used [0x0000000797500000,0x0000000797500000,0x0000000798080000)
 ParOldGen       total 87552K, used 18531K [0x000000072a000000, 0x000000072f580000, 0x000000078e000000)
  object space 87552K, 21% used [0x000000072a000000,0x000000072b218d70,0x000000072f580000)
 Metaspace       used 47240K, capacity 50384K, committed 50432K, reserved 1091584K
  class space    used 6848K, capacity 7392K, committed 7424K, reserved 1048576K
Event: 15.470 GC heap after
Heap after GC invocations=13 (full 2):
 PSYoungGen      total 164352K, used 11248K [0x000000078e000000, 0x000000079bc00000, 0x00000007c0000000)
  eden space 152576K, 0% used [0x000000078e000000,0x000000078e000000,0x0000000797500000)
  from space 11776K, 95% used [0x0000000797500000,0x0000000797ffc2f0,0x0000000798080000)
  to   space 12800K, 0% used [0x000000079af80000,0x000000079af80000,0x000000079bc00000)
 ParOldGen       total 87552K, used 22105K [0x000000072a000000, 0x000000072f580000, 0x000000078e000000)
  object space 87552K, 25% used [0x000000072a000000,0x000000072b5964e0,0x000000072f580000)
 Metaspace       used 47240K, capacity 50384K, committed 50432K, reserved 1091584K
  class space    used 6848K, capacity 7392K, committed 7424K, reserved 1048576K
}
Event: 17.722 GC heap before
{Heap before GC invocations=14 (full 2):
 PSYoungGen      total 164352K, used 163824K [0x000000078e000000, 0x000000079bc00000, 0x00000007c0000000)
  eden space 152576K, 100% used [0x000000078e000000,0x0000000797500000,0x0000000797500000)
  from space 11776K, 95% used [0x0000000797500000,0x0000000797ffc2f0,0x0000000798080000)
  to   space 12800K, 0% used [0x000000079af80000,0x000000079af80000,0x000000079bc00000)
 ParOldGen       total 87552K, used 22105K [0x000000072a000000, 0x000000072f580000, 0x000000078e000000)
  object space 87552K, 25% used [0x000000072a000000,0x000000072b5964e0,0x000000072f580000)
 Metaspace       used 50998K, capacity 54786K, committed 54912K, reserved 1095680K
  class space    used 7313K, capacity 7966K, committed 8064K, reserved 1048576K
Event: 17.751 GC heap after
Heap after GC invocations=14 (full 2):
 PSYoungGen      total 210432K, used 10601K [0x000000078e000000, 0x000000079bb80000, 0x00000007c0000000)
  eden space 198144K, 0% used [0x000000078e000000,0x000000078e000000,0x000000079a180000)
  from space 12288K, 86% used [0x000000079af80000,0x000000079b9da400,0x000000079bb80000)
  to   space 13312K, 0% used [0x000000079a180000,0x000000079a180000,0x000000079ae80000)
 ParOldGen       total 87552K, used 29409K [0x000000072a000000, 0x000000072f580000, 0x000000078e000000)
  object space 87552K, 33% used [0x000000072a000000,0x000000072bcb8450,0x000000072f580000)
 Metaspace       used 50998K, capacity 54786K, committed 54912K, reserved 1095680K
  class space    used 7313K, capacity 7966K, committed 8064K, reserved 1048576K
}

Deoptimization events (10 events):
Event: 17.816 Thread 0x000000002273c800 Uncommon trap: reason=bimorphic action=maybe_recompile pc=0x0000000003a34e98 method=java.util.concurrent.ConcurrentHashMap.computeIfAbsent(Ljava/lang/Object;Ljava/util/function/Function;)Ljava/lang/Object; @ 278
Event: 17.856 Thread 0x000000002273c800 Uncommon trap: reason=unstable_if action=reinterpret pc=0x000000000364acf8 method=org.gradle.internal.snapshot.PathUtil.equalChars(CCLorg/gradle/internal/snapshot/CaseSensitivity;)Z @ 11
Event: 17.978 Thread 0x000000001c216800 Uncommon trap: reason=unstable_if action=reinterpret pc=0x00000000031cc984 method=java.lang.Class.arrayContentsEq([Ljava/lang/Object;[Ljava/lang/Object;)Z @ 1
Event: 18.043 Thread 0x0000000022736800 Uncommon trap: reason=bimorphic action=maybe_recompile pc=0x0000000003a34e98 method=java.util.concurrent.ConcurrentHashMap.computeIfAbsent(Ljava/lang/Object;Ljava/util/function/Function;)Ljava/lang/Object; @ 278
Event: 18.094 Thread 0x0000000022736800 Uncommon trap: reason=bimorphic action=maybe_recompile pc=0x0000000003a34e98 method=java.util.concurrent.ConcurrentHashMap.computeIfAbsent(Ljava/lang/Object;Ljava/util/function/Function;)Ljava/lang/Object; @ 278
Event: 18.125 Thread 0x0000000022736800 Uncommon trap: reason=unstable_if action=reinterpret pc=0x0000000002c184d8 method=java.util.jar.Attributes$Name.isDigit(C)Z @ 3
Event: 18.280 Thread 0x0000000022736800 Uncommon trap: reason=bimorphic action=maybe_recompile pc=0x0000000003b02120 method=com.google.common.collect.AbstractMapBasedMultimap$WrappedCollection.refreshIfEmpty()V @ 59
Event: 18.280 Thread 0x0000000022736800 Uncommon trap: reason=bimorphic action=maybe_recompile pc=0x0000000003b02120 method=com.google.common.collect.AbstractMapBasedMultimap$WrappedCollection.refreshIfEmpty()V @ 59
Event: 18.280 Thread 0x0000000022736800 Uncommon trap: reason=bimorphic action=maybe_recompile pc=0x0000000003b02120 method=com.google.common.collect.AbstractMapBasedMultimap$WrappedCollection.refreshIfEmpty()V @ 59
Event: 18.329 Thread 0x0000000022736800 Uncommon trap: reason=bimorphic action=maybe_recompile pc=0x0000000003b02120 method=com.google.common.collect.AbstractMapBasedMultimap$WrappedCollection.refreshIfEmpty()V @ 59

Classes redefined (0 events):
No events

Internal exceptions (10 events):
Event: 18.288 Thread 0x0000000022736800 Exception <a 'java/lang/ClassNotFoundException': org/gradle/api/internal/file/collections/DefaultConfigurableFileCollectionBeanInfo> (0x0000000790bbbe30) thrown at [C:\re\workspace\8-2-build-windows-amd64-cygwin\jdk8u211\12973\hotspot\src\share\vm\classfi
Event: 18.290 Thread 0x0000000022736800 Exception <a 'java/lang/ClassNotFoundException': org/gradle/api/internal/file/CompositeFileCollectionBeanInfo> (0x0000000790bf97a8) thrown at [C:\re\workspace\8-2-build-windows-amd64-cygwin\jdk8u211\12973\hotspot\src\share\vm\classfile\systemDictionary.cp
Event: 18.291 Thread 0x0000000022736800 Exception <a 'java/lang/ClassNotFoundException': org/gradle/api/internal/file/CompositeFileCollectionCustomizer> (0x0000000790c37cb8) thrown at [C:\re\workspace\8-2-build-windows-amd64-cygwin\jdk8u211\12973\hotspot\src\share\vm\classfile\systemDictionary.
Event: 18.296 Thread 0x0000000022736800 Exception <a 'java/lang/ClassNotFoundException': org/gradle/api/internal/file/collections/DefaultConfigurableFileCollectionCustomizer> (0x0000000790c90030) thrown at [C:\re\workspace\8-2-build-windows-amd64-cygwin\jdk8u211\12973\hotspot\src\share\vm\class
Event: 18.299 Thread 0x0000000022736800 Exception <a 'java/io/FileNotFoundException'> (0x0000000790cba738) thrown at [C:\re\workspace\8-2-build-windows-amd64-cygwin\jdk8u211\12973\hotspot\src\share\vm\prims\jni.cpp, line 710]
Event: 18.300 Thread 0x0000000022736800 Exception <a 'java/io/FileNotFoundException'> (0x0000000790cbc108) thrown at [C:\re\workspace\8-2-build-windows-amd64-cygwin\jdk8u211\12973\hotspot\src\share\vm\prims\jni.cpp, line 710]
Event: 18.347 Thread 0x0000000022736800 Exception <a 'java/io/FileNotFoundException'> (0x0000000790ed9208) thrown at [C:\re\workspace\8-2-build-windows-amd64-cygwin\jdk8u211\12973\hotspot\src\share\vm\prims\jni.cpp, line 710]
Event: 18.348 Thread 0x0000000022736800 Exception <a 'java/io/FileNotFoundException'> (0x0000000790edaec0) thrown at [C:\re\workspace\8-2-build-windows-amd64-cygwin\jdk8u211\12973\hotspot\src\share\vm\prims\jni.cpp, line 710]
Event: 18.348 Thread 0x0000000022736800 Exception <a 'java/io/FileNotFoundException'> (0x0000000790edc6a8) thrown at [C:\re\workspace\8-2-build-windows-amd64-cygwin\jdk8u211\12973\hotspot\src\share\vm\prims\jni.cpp, line 710]
Event: 18.439 Thread 0x000000002273b000 Exception <a 'java/lang/NoSuchMethodError': java.lang.Object.lambda$comparingInt$7b0bb60$1(Ljava/util/function/ToIntFunction;Ljava/lang/Object;Ljava/lang/Object;)I> (0x00000007911ac0f8) thrown at [C:\re\workspace\8-2-build-windows-amd64-cygwin\jdk8u211\12

Events (10 events):
Event: 18.439 Thread 0x000000002273b000 DEOPT PACKING pc=0x0000000002ea8634 sp=0x000000002695cd00
Event: 18.439 Thread 0x000000002273b000 DEOPT UNPACKING pc=0x00000000028f7890 sp=0x000000002695ca60 mode 1
Event: 18.440 loading class org/gradle/process/internal/health/memory/JvmMemoryStatusSnapshot
Event: 18.440 loading class org/gradle/process/internal/health/memory/JvmMemoryStatusSnapshot done
Event: 18.440 Thread 0x000000002273b000 DEOPT PACKING pc=0x0000000002a46b28 sp=0x000000002695dcf0
Event: 18.440 Thread 0x000000002273b000 DEOPT UNPACKING pc=0x00000000028f7890 sp=0x000000002695da40 mode 1
Event: 18.440 Thread 0x000000002273b000 DEOPT PACKING pc=0x0000000002a46a80 sp=0x000000002695ddb0
Event: 18.440 Thread 0x000000002273b000 DEOPT UNPACKING pc=0x00000000028f7890 sp=0x000000002695db00 mode 1
Event: 18.440 Thread 0x000000002273b000 DEOPT PACKING pc=0x0000000002a46a80 sp=0x000000002695de70
Event: 18.440 Thread 0x000000002273b000 DEOPT UNPACKING pc=0x00000000028f7890 sp=0x000000002695dbc0 mode 1


Dynamic libraries:
0x00007ff61fa90000 - 0x00007ff61fac7000 	C:\Program Files\Java\jdk1.8.0_211\bin\java.exe
0x00007ff8d2990000 - 0x00007ff8d2b88000 	C:\WINDOWS\SYSTEM32\ntdll.dll
0x00007ff8d0b80000 - 0x00007ff8d0c3d000 	C:\WINDOWS\System32\KERNEL32.DLL
0x00007ff8d0200000 - 0x00007ff8d04ce000 	C:\WINDOWS\System32\KERNELBASE.dll
0x00007ff8d1f10000 - 0x00007ff8d1fbe000 	C:\WINDOWS\System32\ADVAPI32.dll
0x00007ff8d28b0000 - 0x00007ff8d294e000 	C:\WINDOWS\System32\msvcrt.dll
0x00007ff8d0ae0000 - 0x00007ff8d0b7c000 	C:\WINDOWS\System32\sechost.dll
0x00007ff8d2140000 - 0x00007ff8d2265000 	C:\WINDOWS\System32\RPCRT4.dll
0x00007ff8d26f0000 - 0x00007ff8d2890000 	C:\WINDOWS\System32\USER32.dll
0x00007ff8d0830000 - 0x00007ff8d0852000 	C:\WINDOWS\System32\win32u.dll
0x00007ff8d0ab0000 - 0x00007ff8d0ada000 	C:\WINDOWS\System32\GDI32.dll
0x00007ff8d0680000 - 0x00007ff8d078b000 	C:\WINDOWS\System32\gdi32full.dll
0x00007ff8d0790000 - 0x00007ff8d082d000 	C:\WINDOWS\System32\msvcp_win.dll
0x00007ff8d00b0000 - 0x00007ff8d01b0000 	C:\WINDOWS\System32\ucrtbase.dll
0x00007ff8bf720000 - 0x00007ff8bf9ba000 	C:\WINDOWS\WinSxS\amd64_microsoft.windows.common-controls_6595b64144ccf1df_6.0.19041.1110_none_60b5254171f9507e\COMCTL32.dll
0x00007ff8d0a80000 - 0x00007ff8d0ab0000 	C:\WINDOWS\System32\IMM32.DLL
0x0000000055ba0000 - 0x0000000055c72000 	C:\Program Files\Java\jdk1.8.0_211\jre\bin\msvcr100.dll
0x00000000552f0000 - 0x0000000055b95000 	C:\Program Files\Java\jdk1.8.0_211\jre\bin\server\jvm.dll
0x00007ff8d26e0000 - 0x00007ff8d26e8000 	C:\WINDOWS\System32\PSAPI.DLL
0x00007ff8ba8c0000 - 0x00007ff8ba8c9000 	C:\WINDOWS\SYSTEM32\WSOCK32.dll
0x00007ff8d20d0000 - 0x00007ff8d213b000 	C:\WINDOWS\System32\WS2_32.dll
0x00007ff8c9140000 - 0x00007ff8c914a000 	C:\WINDOWS\SYSTEM32\VERSION.dll
0x00007ff8bf9c0000 - 0x00007ff8bf9e7000 	C:\WINDOWS\SYSTEM32\WINMM.dll
0x00007ff8cb0d0000 - 0x00007ff8cb0df000 	C:\Program Files\Java\jdk1.8.0_211\jre\bin\verify.dll
0x00007ff8c9da0000 - 0x00007ff8c9dc9000 	C:\Program Files\Java\jdk1.8.0_211\jre\bin\java.dll
0x00007ff8c9650000 - 0x00007ff8c9685000 	C:\Program Files\Java\jdk1.8.0_211\jre\bin\jdwp.dll
0x00007ff8cbc10000 - 0x00007ff8cbc18000 	C:\Program Files\Java\jdk1.8.0_211\jre\bin\npt.dll
0x00007ff8c9df0000 - 0x00007ff8c9e06000 	C:\Program Files\Java\jdk1.8.0_211\jre\bin\zip.dll
0x00007ff8d0c40000 - 0x00007ff8d1384000 	C:\WINDOWS\System32\SHELL32.dll
0x00007ff8ce1b0000 - 0x00007ff8ce944000 	C:\WINDOWS\SYSTEM32\windows.storage.dll
0x00007ff8d1b50000 - 0x00007ff8d1ea4000 	C:\WINDOWS\System32\combase.dll
0x00007ff8cfb10000 - 0x00007ff8cfb40000 	C:\WINDOWS\SYSTEM32\Wldp.dll
0x00007ff8d1aa0000 - 0x00007ff8d1b4d000 	C:\WINDOWS\System32\SHCORE.dll
0x00007ff8d17e0000 - 0x00007ff8d1835000 	C:\WINDOWS\System32\shlwapi.dll
0x00007ff8cfff0000 - 0x00007ff8d000f000 	C:\WINDOWS\SYSTEM32\profapi.dll
0x00007ff8cbc00000 - 0x00007ff8cbc09000 	C:\Program Files\Java\jdk1.8.0_211\jre\bin\dt_socket.dll
0x00007ff8cf870000 - 0x00007ff8cf8da000 	C:\WINDOWS\system32\mswsock.dll
0x00007ff8c53d0000 - 0x00007ff8c53ea000 	C:\Program Files\Java\jdk1.8.0_211\jre\bin\net.dll
0x00007ff8c07d0000 - 0x00007ff8c09bc000 	C:\WINDOWS\SYSTEM32\urlmon.dll
0x00007ff8c0e10000 - 0x00007ff8c10c1000 	C:\WINDOWS\SYSTEM32\iertutil.dll
0x00007ff8c5580000 - 0x00007ff8c55a8000 	C:\WINDOWS\SYSTEM32\srvcli.dll
0x00007ff8cf550000 - 0x00007ff8cf55c000 	C:\WINDOWS\SYSTEM32\netutils.dll
0x00007ff8c9a80000 - 0x00007ff8c9a92000 	C:\Program Files\Java\jdk1.8.0_211\jre\bin\nio.dll
0x00007ff8c5480000 - 0x00007ff8c54a7000 	C:\Users\User\.gradle\native\e1d6ef7f7dcc3fd88c89a11ec53ec762bb8ba0a96d01ffa2cd45eb1d1d8dd5c5\windows-amd64\native-platform.dll
0x00007ff89ad30000 - 0x00007ff89ae74000 	C:\Users\User\.gradle\native\0d407fdbe67a94daf76414ababcb853783967236a71b16ec16e742cd7a986fd3\windows-amd64\native-platform-file-events.dll
0x00007ff8cbbb0000 - 0x00007ff8cbbbd000 	C:\Program Files\Java\jdk1.8.0_211\jre\bin\management.dll
0x00007ff8cfa60000 - 0x00007ff8cfa78000 	C:\WINDOWS\SYSTEM32\CRYPTSP.dll
0x00007ff8cf180000 - 0x00007ff8cf1b4000 	C:\WINDOWS\system32\rsaenh.dll
0x00007ff8d0860000 - 0x00007ff8d0887000 	C:\WINDOWS\System32\bcrypt.dll
0x00007ff8cffb0000 - 0x00007ff8cffde000 	C:\WINDOWS\SYSTEM32\USERENV.dll
0x00007ff8d04d0000 - 0x00007ff8d0552000 	C:\WINDOWS\System32\bcryptprimitives.dll
0x00007ff8cfa80000 - 0x00007ff8cfa8c000 	C:\WINDOWS\SYSTEM32\CRYPTBASE.dll
0x00007ff8cf510000 - 0x00007ff8cf54b000 	C:\WINDOWS\SYSTEM32\IPHLPAPI.DLL
0x00007ff8d17d0000 - 0x00007ff8d17d8000 	C:\WINDOWS\System32\NSI.dll
0x00007ff8c7250000 - 0x00007ff8c7267000 	C:\WINDOWS\SYSTEM32\dhcpcsvc6.DLL
0x00007ff8c7230000 - 0x00007ff8c724d000 	C:\WINDOWS\SYSTEM32\dhcpcsvc.DLL
0x00007ff8cf560000 - 0x00007ff8cf62a000 	C:\WINDOWS\SYSTEM32\DNSAPI.dll

VM Arguments:
jvm_args: -agentlib:jdwp=transport=dt_socket,server=n,suspend=y,address=127.0.0.1:58215 -Xmx2400m -Dfile.encoding=UTF-8 -Duser.country=KR -Duser.language=ko -Duser.variant 
java_command: org.gradle.launcher.daemon.bootstrap.GradleDaemon 7.5
java_class_path (initial): C:\Users\User\.gradle\wrapper\dists\gradle-7.5-bin\f1w0cc9nuo0eivz97x2xlu9sv\gradle-7.5\lib\gradle-launcher-7.5.jar
Launcher Type: SUN_STANDARD

Environment Variables:
JAVA_HOME=C:\Program Files\Java\jdk1.8.0_211
CLASSPATH=.;
PATH=C:\Python27\;C:\Python27\Scripts;D:\app\User\product\11.2.0\client_1\bin;C:\Program Files (x86)\Intel\Intel(R) Management Engine Components\iCLS\;C:\Program Files\Intel\Intel(R) Management Engine Components\iCLS\;C:\Windows\system32;C:\Windows;C:\Windows\System32\Wbem;C:\Windows\System32\WindowsPowerShell\v1.0\;C:\Windows\System32\OpenSSH\;C:\Program Files (x86)\Intel\Intel(R) Management Engine Components\DAL;C:\Program Files\Intel\Intel(R) Management Engine Components\DAL;C:\Program Files\Java\jdk1.8.0_211\bin;C:\Program Files (x86)\Intel\Intel(R) Management Engine Components\IPT;C:\Program Files\Intel\Intel(R) Management Engine Components\IPT;C:\Program Files (x86)\NVIDIA Corporation\PhysX\Common;C:\Program Files\Intel\WiFi\bin\;C:\Program Files\Common Files\Intel\WirelessCommon\;C:\WINDOWS\system32;C:\WINDOWS;C:\WINDOWS\System32\Wbem;C:\WINDOWS\System32\WindowsPowerShell\v1.0\;C:\WINDOWS\System32\OpenSSH\;C:\ProgramData\chocolatey\bin;C:\Program Files (x86)\Sybase\Shared\PowerBuilder;C:\Program Files (x86)\Sybase\Shared\Web Targets;C:\Program Files (x86)\Sybase\SQL Anywhere 9\win32;C:\Program Files (x86)\Sybase\Shared\win32;C:\Program Files (x86)\Sybase\SQL Anywhere 9\drivers;C:\Program Files (x86)\Sybase\Shared\Sybase Central 4.3\win32;C:\Program Files (x86)\Sybase\InfoMaker 10.5\Tutorial;C:\Program Files\TortoiseSVN\bin;C:\Program Files\Git\cmd;C:\Program Files\nodejs\;C:\Users\User\AppData\Local\Microsoft\WindowsApps;C:\Program Files\Intel\WiFi\bin\;C:\Program Files\Common Files\Intel\WirelessCommon\;C:\Users\User\AppData\Local\GitHubDesktop\bin;C:\Users\User\AppData\Roaming\npm
USERNAME=User
OS=Windows_NT
PROCESSOR_IDENTIFIER=Intel64 Family 6 Model 94 Stepping 3, GenuineIntel



---------------  S Y S T E M  ---------------

OS: Windows 10.0 , 64 bit Build 19041 (10.0.19041.1889)

CPU:total 4 (initial active 4) (4 cores per cpu, 1 threads per core) family 6 model 94 stepping 3, cmov, cx8, fxsr, mmx, sse, sse2, sse3, ssse3, sse4.1, sse4.2, popcnt, avx, avx2, aes, clmul, erms, rtm, 3dnowpref, lzcnt, tsc, tscinvbit, bmi1, bmi2, adx

Memory: 4k page, physical 8300700k(392148k free), swap 24033968k(5568k free)

vm_info: Java HotSpot(TM) 64-Bit Server VM (25.211-b12) for windows-amd64 JRE (1.8.0_211-b12), built on Apr  1 2019 20:53:26 by "java_re" with MS VC++ 10.0 (VS2010)

time: Tue Sep 06 16:45:42 2022
timezone: 대한민국 표준시
elapsed time: 18 seconds (0d 0h 0m 18s)

