#
# There is insufficient memory for the Java Runtime Environment to continue.
# Native memory allocation (malloc) failed to allocate 1048576 bytes for AllocateHeap
# Possible reasons:
#   The system is out of physical RAM or swap space
#   The process is running with CompressedOops enabled, and the Java Heap may be blocking the growth of the native heap
# Possible solutions:
#   Reduce memory load on the system
#   Increase physical memory or swap space
#   Check if swap backing store is full
#   Decrease Java heap size (-Xmx/-Xms)
#   Decrease number of Java threads
#   Decrease Java thread stack sizes (-Xss)
#   Set larger code cache with -XX:ReservedCodeCacheSize=
#   JVM is running with Unscaled Compressed Oops mode in which the Java heap is
#     placed in the first 4GB address space. The Java Heap base address is the
#     maximum limit for the native heap growth. Please use -XX:HeapBaseMinAddress
#     to set the Java Heap base and to place the Java Heap above 4GB virtual address.
# This output file may be truncated or incomplete.
#
#  Out of Memory Error (memory/allocation.inline.hpp:61), pid=21564, tid=0x0000000000005a2c
#
# JRE version:  (8.0_211-b12) (build )
# Java VM: Java HotSpot(TM) 64-Bit Server VM (25.211-b12 mixed mode windows-amd64 compressed oops)
# Failed to write core dump. Minidumps are not enabled by default on client versions of Windows
#

---------------  T H R E A D  ---------------

Current thread (0x0000000002894000):  JavaThread "Unknown thread" [_thread_in_vm, id=23084, stack(0x00000000023e0000,0x00000000024e0000)]

Stack: [0x00000000023e0000,0x00000000024e0000]
[error occurred during error reporting (printing stack bounds), id 0xc0000005]

Native frames: (J=compiled Java code, j=interpreted, Vv=VM code, C=native code)


---------------  P R O C E S S  ---------------

Java Threads: ( => current thread )

Other Threads:

=>0x0000000002894000 (exited) JavaThread "Unknown thread" [_thread_in_vm, id=23084, stack(0x00000000023e0000,0x00000000024e0000)]

VM state:not at safepoint (normal execution)

VM Mutex/Monitor currently owned by a thread: None

heap address: 0x0000000081400000, size: 2028 MB, Compressed Oops mode: 32-bit
Narrow klass base: 0x0000000000000000, Narrow klass shift: 3
Compressed class space size: 1073741824 Address: 0x0000000100000000

Heap:
 PSYoungGen      total 38400K, used 665K [0x00000000d5c00000, 0x00000000d8680000, 0x0000000100000000)
  eden space 33280K, 2% used [0x00000000d5c00000,0x00000000d5ca6670,0x00000000d7c80000)
  from space 5120K, 0% used [0x00000000d8180000,0x00000000d8180000,0x00000000d8680000)
  to   space 5120K, 0% used [0x00000000d7c80000,0x00000000d7c80000,0x00000000d8180000)
 ParOldGen       total 87552K, used 0K [0x0000000081400000, 0x0000000086980000, 0x00000000d5c00000)
  object space 87552K, 0% used [0x0000000081400000,0x0000000081400000,0x0000000086980000)
 Metaspace       used 775K, capacity 4480K, committed 4480K, reserved 1056768K
  class space    used 76K, capacity 384K, committed 384K, reserved 1048576K

Card table byte_map: [0x0000000011d50000,0x0000000012150000] byte_map_base: 0x0000000011946000

Marking Bits: (ParMarkBitMap*) 0x0000000055b15ce0
 Begin Bits: [0x0000000012800000, 0x00000000147b0000)
 End Bits:   [0x00000000147b0000, 0x0000000016760000)

Polling page: 0x0000000000790000

CodeCache: size=245760Kb used=328Kb max_used=328Kb free=245431Kb
 bounds [0x0000000002990000, 0x0000000002c00000, 0x0000000011990000]
 total_blobs=58 nmethods=0 adapters=38
 compilation: enabled

Compilation events (0 events):
No events

GC Heap History (0 events):
No events

Deoptimization events (0 events):
No events

Classes redefined (0 events):
No events

Internal exceptions (0 events):
No events

Events (10 events):
Event: 0.066 loading class java/lang/Short
Event: 0.067 loading class java/lang/Short done
Event: 0.067 loading class java/lang/Integer
Event: 0.067 loading class java/lang/Integer done
Event: 0.067 loading class java/lang/Long
Event: 0.067 loading class java/lang/Long done
Event: 0.069 loading class java/lang/NullPointerException
Event: 0.069 loading class java/lang/NullPointerException done
Event: 0.069 loading class java/lang/ArithmeticException
Event: 0.069 loading class java/lang/ArithmeticException done


Dynamic libraries:
0x00007ff61fa90000 - 0x00007ff61fac7000 	C:\Program Files\Java\jdk1.8.0_211\bin\java.exe
0x00007ff8d2990000 - 0x00007ff8d2b88000 	C:\WINDOWS\SYSTEM32\ntdll.dll
0x00007ff8d0b80000 - 0x00007ff8d0c3d000 	C:\WINDOWS\System32\KERNEL32.DLL
0x00007ff8d0200000 - 0x00007ff8d04ce000 	C:\WINDOWS\System32\KERNELBASE.dll
0x00007ff8d1f10000 - 0x00007ff8d1fbe000 	C:\WINDOWS\System32\ADVAPI32.dll
0x00007ff8d28b0000 - 0x00007ff8d294e000 	C:\WINDOWS\System32\msvcrt.dll
0x00007ff8d0ae0000 - 0x00007ff8d0b7c000 	C:\WINDOWS\System32\sechost.dll
0x00007ff8d2140000 - 0x00007ff8d2265000 	C:\WINDOWS\System32\RPCRT4.dll
0x00007ff8d26f0000 - 0x00007ff8d2890000 	C:\WINDOWS\System32\USER32.dll
0x00007ff8d0830000 - 0x00007ff8d0852000 	C:\WINDOWS\System32\win32u.dll
0x00007ff8d0ab0000 - 0x00007ff8d0ada000 	C:\WINDOWS\System32\GDI32.dll
0x00007ff8d0680000 - 0x00007ff8d078b000 	C:\WINDOWS\System32\gdi32full.dll
0x00007ff8d0790000 - 0x00007ff8d082d000 	C:\WINDOWS\System32\msvcp_win.dll
0x00007ff8d00b0000 - 0x00007ff8d01b0000 	C:\WINDOWS\System32\ucrtbase.dll
0x00007ff8bf720000 - 0x00007ff8bf9ba000 	C:\WINDOWS\WinSxS\amd64_microsoft.windows.common-controls_6595b64144ccf1df_6.0.19041.1110_none_60b5254171f9507e\COMCTL32.dll
0x00007ff8d0a80000 - 0x00007ff8d0ab0000 	C:\WINDOWS\System32\IMM32.DLL
0x0000000055ba0000 - 0x0000000055c72000 	C:\Program Files\Java\jdk1.8.0_211\jre\bin\msvcr100.dll
0x00000000552f0000 - 0x0000000055b95000 	C:\Program Files\Java\jdk1.8.0_211\jre\bin\server\jvm.dll
0x00007ff8d26e0000 - 0x00007ff8d26e8000 	C:\WINDOWS\System32\PSAPI.DLL
0x00007ff8ba8c0000 - 0x00007ff8ba8c9000 	C:\WINDOWS\SYSTEM32\WSOCK32.dll
0x00007ff8d20d0000 - 0x00007ff8d213b000 	C:\WINDOWS\System32\WS2_32.dll
0x00007ff8bf9c0000 - 0x00007ff8bf9e7000 	C:\WINDOWS\SYSTEM32\WINMM.dll
0x00007ff8c9140000 - 0x00007ff8c914a000 	C:\WINDOWS\SYSTEM32\VERSION.dll
0x00007ff8cb0d0000 - 0x00007ff8cb0df000 	C:\Program Files\Java\jdk1.8.0_211\jre\bin\verify.dll
0x00007ff8c9da0000 - 0x00007ff8c9dc9000 	C:\Program Files\Java\jdk1.8.0_211\jre\bin\java.dll
0x00007ff8c9df0000 - 0x00007ff8c9e06000 	C:\Program Files\Java\jdk1.8.0_211\jre\bin\zip.dll

VM Arguments:
jvm_args: -Dspring.profiles.active=dev,watch -Xverify:none -XX:TieredStopAtLevel=1 -Dfile.encoding=UTF-8 -Duser.country=KR -Duser.language=ko -Duser.variant 
java_command: com.mig.MigApplication
java_class_path (initial): E:\project\mig\build\classes\java\main;E:\project\mig\build\resources\main;C:\Users\User\.gradle\caches\modules-2\files-2.1\org.mybatis.spring.boot\mybatis-spring-boot-starter\2.2.2\e4aff8ef9e02358f90b361acc938be3558f29285\mybatis-spring-boot-starter-2.2.2.jar;C:\Users\User\.gradle\caches\modules-2\files-2.1\com.oracle.database.nls\orai18n\21.6.0.0.1\ca73dc569af648a39bdfbeaca656862e17d458e2\orai18n-21.6.0.0.1.jar;C:\Users\User\.gradle\caches\modules-2\files-2.1\com.h2database\h2\2.1.214\d5c2005c9e3279201e12d4776c948578b16bf8b2\h2-2.1.214.jar;C:\Users\User\.gradle\caches\modules-2\files-2.1\com.ibm.db2\jcc\11.5.7.0\d018418a1b90c2a4c4650e589a19b2c0895872b\jcc-11.5.7.0.jar;C:\Users\User\.gradle\caches\modules-2\files-2.1\com.oracle.database.jdbc\ojdbc8\21.5.0.0\eb13f0948ca8675f71d59b5e8a1129d4c6189e7a\ojdbc8-21.5.0.0.jar;C:\Users\User\.gradle\caches\modules-2\files-2.1\com.zaxxer\HikariCP\4.0.3\107cbdf0db6780a065f895ae9d8fbf3bb0e1c21f\HikariCP-4.0.3.jar;C:\Users\User\.gradle\caches\modules-2\files-2.1\org.springframework\spring-jdbc\5.3.22\d50fc708ef9bade1d3fb64d529b8ff8cd5b625ba\spring-jdbc-5.3.22.jar;C:\Users\User\.gradle\caches\modules-2\files-2.1\org.mybatis.spring.boot\mybatis-spring-boot-autoconfigure\2.2.2\44d8e5740eb89fcdd3d4f7ce60693b87a5cdbd32\mybatis-spring-boot-autoconfigure-2.2.2.jar;C:\Users\User\.gradle\caches\modules-2\files-2.1\org.mybatis\mybatis\3.5.9\991a4095dbb95d929dfe0a18a69692fd4c614e\mybatis-3.5.9.jar;C:\Users\User\.gradle\caches\modules-2\files-2.1\org.mybatis\mybatis-spring\2.0.7\f10e399232df99280df56d39662c00ea33756112\mybatis-spring-2.0.7.jar;C:\Users\User\.gradle\caches\modules-2\files-2.1\org.springframework.boot\spring-boot-autoconfigure\2.7.3\4c96169e8d71c9c41f07a40d011dbd41898180ac\spring-boot-autoconfigure-2.7.3.jar;C:\Users\User\.gradle\caches\modules-2\files-2.1\org.springframework.boot\spring-boot\2.7.3\3a8d641077565b7eaec3b2f91d5b83a6800f5895\spring-boot-2.7.3.jar;C:\Users\User\.gradle\caches\modules-2
Launcher Type: SUN_STANDARD

Environment Variables:
JAVA_HOME=C:\Program Files\Java\jdk1.8.0_211
CLASSPATH=.;
PATH=C:\Python27\;C:\Python27\Scripts;D:\app\User\product\11.2.0\client_1\bin;C:\Program Files (x86)\Intel\Intel(R) Management Engine Components\iCLS\;C:\Program Files\Intel\Intel(R) Management Engine Components\iCLS\;C:\Windows\system32;C:\Windows;C:\Windows\System32\Wbem;C:\Windows\System32\WindowsPowerShell\v1.0\;C:\Windows\System32\OpenSSH\;C:\Program Files (x86)\Intel\Intel(R) Management Engine Components\DAL;C:\Program Files\Intel\Intel(R) Management Engine Components\DAL;C:\Program Files\Java\jdk1.8.0_211\bin;C:\Program Files (x86)\Intel\Intel(R) Management Engine Components\IPT;C:\Program Files\Intel\Intel(R) Management Engine Components\IPT;C:\Program Files (x86)\NVIDIA Corporation\PhysX\Common;C:\Program Files\Intel\WiFi\bin\;C:\Program Files\Common Files\Intel\WirelessCommon\;C:\WINDOWS\system32;C:\WINDOWS;C:\WINDOWS\System32\Wbem;C:\WINDOWS\System32\WindowsPowerShell\v1.0\;C:\WINDOWS\System32\OpenSSH\;C:\ProgramData\chocolatey\bin;C:\Program Files (x86)\Sybase\Shared\PowerBuilder;C:\Program Files (x86)\Sybase\Shared\Web Targets;C:\Program Files (x86)\Sybase\SQL Anywhere 9\win32;C:\Program Files (x86)\Sybase\Shared\win32;C:\Program Files (x86)\Sybase\SQL Anywhere 9\drivers;C:\Program Files (x86)\Sybase\Shared\Sybase Central 4.3\win32;C:\Program Files (x86)\Sybase\InfoMaker 10.5\Tutorial;C:\Program Files\TortoiseSVN\bin;C:\Program Files\Git\cmd;C:\Program Files\nodejs\;C:\Users\User\AppData\Local\Microsoft\WindowsApps;C:\Program Files\Intel\WiFi\bin\;C:\Program Files\Common Files\Intel\WirelessCommon\;C:\Users\User\AppData\Local\GitHubDesktop\bin;C:\Users\User\AppData\Roaming\npm
USERNAME=User
OS=Windows_NT
PROCESSOR_IDENTIFIER=Intel64 Family 6 Model 94 Stepping 3, GenuineIntel



---------------  S Y S T E M  ---------------

OS: Windows 10.0 , 64 bit Build 19041 (10.0.19041.1889)

CPU:total 4 (initial active 4) (4 cores per cpu, 1 threads per core) family 6 model 94 stepping 3, cmov, cx8, fxsr, mmx, sse, sse2, sse3, ssse3, sse4.1, sse4.2, popcnt, avx, avx2, aes, clmul, erms, rtm, 3dnowpref, lzcnt, tsc, tscinvbit, bmi1, bmi2, adx

Memory: 4k page, physical 8300700k(232248k free), swap 24033968k(4956k free)

vm_info: Java HotSpot(TM) 64-Bit Server VM (25.211-b12) for windows-amd64 JRE (1.8.0_211-b12), built on Apr  1 2019 20:53:26 by "java_re" with MS VC++ 10.0 (VS2010)

time: Tue Sep 06 16:43:30 2022
timezone: 대한민국 표준시
elapsed time: 0 seconds (0d 0h 0m 0s)

