2022-09-08 14:25:28.763  INFO 29512 --- [main] com.mig.MigApplication                   : Starting MigApplication using Java 1.8.0_211 on G with PID 29512 (E:\project\mig\build\libs\mig-0.0.1-SNAPSHOT.jar started by User in E:\project\mig)
2022-09-08 14:25:28.781  INFO 29512 --- [main] com.mig.MigApplication                   : The following 3 profiles are active: "dev", "file-logging", "watch"
2022-09-08 14:27:07.445  INFO 15760 --- [Test worker] com.mig.MigApplicationTests              : Starting MigApplicationTests using Java 1.8.0_211 on G with PID 15760 (started by User in E:\project\mig)
2022-09-08 14:27:07.448  INFO 15760 --- [Test worker] com.mig.MigApplicationTests              : No active profile set, falling back to 1 default profile: "default"
2022-09-08 14:27:09.415  INFO 15760 --- [Test worker] com.mig.MigApplicationTests              : Started MigApplicationTests in 2.443 seconds (JVM running for 4.315)
2022-09-08 14:27:12.065  INFO 29660 --- [main] com.mig.MigApplication                   : Starting MigApplication using Java 1.8.0_211 on G with PID 29660 (E:\project\mig\build\libs\mig-0.0.1-SNAPSHOT.jar started by User in E:\project\mig)
2022-09-08 14:27:12.070  INFO 29660 --- [main] com.mig.MigApplication                   : The following 3 profiles are active: "dev", "file-logging", "watch"
2022-09-08 14:27:13.955  INFO 29660 --- [main] com.mig.MigApplication                   : Started MigApplication in 2.622 seconds (JVM running for 3.237)
2022-09-08 14:27:13.960  INFO 29660 --- [main] com.mig.watch.WatchLauncher              : spring.profiles.active = [dev, watch] 
2022-09-08 14:27:13.978  INFO 29660 --- [check-4] c.m.w.service.check.DateCheckService     : Java Server Date = Thu Sep 08 14:27:13 KST 2022
2022-09-08 14:27:14.009  INFO 29660 --- [check-3] com.zaxxer.hikari.HikariDataSource       : HikariPool-1 - Starting...
2022-09-08 14:27:14.010  INFO 29660 --- [check-1] com.zaxxer.hikari.HikariDataSource       : HikariPool-3 - Starting...
2022-09-08 14:27:14.009  INFO 29660 --- [check-2] com.zaxxer.hikari.HikariDataSource       : HikariPool-2 - Starting...
2022-09-08 14:27:15.260  INFO 29660 --- [check-1] com.zaxxer.hikari.HikariDataSource       : HikariPool-3 - Start completed.
2022-09-08 14:27:15.260  INFO 29660 --- [check-2] com.zaxxer.hikari.HikariDataSource       : HikariPool-2 - Start completed.
2022-09-08 14:27:15.260  INFO 29660 --- [check-3] com.zaxxer.hikari.HikariDataSource       : HikariPool-1 - Start completed.
2022-09-08 14:27:15.676  INFO 29660 --- [check-2] c.m.w.service.check.DateCheckService     : Tobe database Date = 2022/09/08 14:27:13
2022-09-08 14:27:15.677  INFO 29660 --- [check-1] c.m.w.service.check.DateCheckService     : Mig database Date = 2022/09/08 14:27:13
2022-09-08 14:27:15.683  INFO 29660 --- [check-3] c.m.w.service.check.DateCheckService     : Asis database Date = 2022/09/08 14:27:13
2022-09-08 14:27:15.680  INFO 29660 --- [main] com.mig.watch.WatchLauncher              : *migJobService Start
2022-09-08 14:27:15.698  INFO 29660 --- [main] com.mig.watch.service.MigJobService      : MigJobService MigJobMain migTblColMap size = 2
2022-09-08 14:27:15.699  INFO 29660 --- [main] com.mig.watch.service.MigJobService      : getSaltTstReqBdMain ----------------------------------------------------------------------------------------------------------- START
2022-09-08 14:27:15.703  INFO 29660 --- [main] com.mig.watch.service.MigJobService      : migSqlTblVO = [seq:1] asis-SALT_TST_REQ_BD ---> tobe-SALT_TST_REQ_BD_TMP
2022-09-08 14:27:15.843  INFO 29660 --- [main] com.mig.watch.dao.MigSelectDao           : migSqlTblVO = SELECT REQNO,TSTCD,TST_SEQ,LAB_DPTCD,REQ_DA,REQ_TI,TST_AMT,VAT_AMT,VAT_APLY_YN,REQ_TAMT,OUTS_CSTCD,TSTCD_KND_CD,OUTS_REQ_AMT,QADFE,TST_CNCL_YN,TST_CNCL_RSN,PKG_ID,UP_TSTCD,SPCMCD,TST_GRP_DIV_CD,RSTS_OUTP_TYP_CD,RSTS_OUTP_LNG_CD,TST_RST_FNS_DU_DA,CST_SPCM_NO,CST_TSTCD,TST_ADM_NO,EMEG_DIV_CD,CST_RMK1,CST_RMK2,ETC1,ETC2,JOB_DA,JOB_NO,EPMD_DIV_CD,FST_RNK,SPCM_COLC_DA,SPCM_COLC_TI,OUTS_AGNCD,TST_RST_TYP_CD,PAT_ADM_NO,IF_TGT_YN,REQ_INFO_CHG_YN,SCRN_DISPL_RNK,YCLCL_YN,TST_RPBP_ID,IMG_NO,TST_REQ_PROG_STAT_CD,CTN_TST_GRP_NO,CTN_TST_MI,CTN_TST_GRP_TSTCD,TAT_TGT_YN,TST_TAK_DCNT,CSTCD,TST_ADM_NO2,ACMU_CNT,CLCL_DA,CLCL_TI,ORI_REQ_DA,PKG_CSTCD,INS_ID,INS_DT,INS_CLS_ID,CHG_ID,CHG_DT,CHG_CLS_ID FROM SALT_TST_REQ_BD WHERE 1=1 AND ROWNUM <= 100000 ORDER BY REQNO, TSTCD, TST_SEQ  OFFSET :OFFSET_NUM ROWS FETCH NEXT :ROWS_NUM ROWS ONLY 
2022-09-08 14:27:36.184  INFO 29660 --- [SpringApplicationShutdownHook] com.zaxxer.hikari.HikariDataSource       : HikariPool-1 - Shutdown initiated...
2022-09-08 14:27:36.203  WARN 29660 --- [main] com.zaxxer.hikari.pool.ProxyConnection   : HikariPool-1 - Connection oracle.jdbc.driver.T4CConnection@5dd3b91f marked as broken because of SQLSTATE(08006), ErrorCode(17002)

java.sql.SQLRecoverableException: IO ¿À·ù
	at oracle.jdbc.driver.T4CPreparedStatement.executeForDescribe(T4CPreparedStatement.java:950) ~[ojdbc8-21.5.0.0.jar!/:21.5.0.0.0]
	at oracle.jdbc.driver.OracleStatement.prepareDefineBufferAndExecute(OracleStatement.java:1172) ~[ojdbc8-21.5.0.0.jar!/:21.5.0.0.0]
	at oracle.jdbc.driver.OracleStatement.executeMaybeDescribe(OracleStatement.java:1101) ~[ojdbc8-21.5.0.0.jar!/:21.5.0.0.0]
	at oracle.jdbc.driver.OracleStatement.executeSQLSelect(OracleStatement.java:1426) ~[ojdbc8-21.5.0.0.jar!/:21.5.0.0.0]
	at oracle.jdbc.driver.OracleStatement.doExecuteWithTimeout(OracleStatement.java:1309) ~[ojdbc8-21.5.0.0.jar!/:21.5.0.0.0]
	at oracle.jdbc.driver.OraclePreparedStatement.executeInternal(OraclePreparedStatement.java:3746) ~[ojdbc8-21.5.0.0.jar!/:21.5.0.0.0]
	at oracle.jdbc.driver.OraclePreparedStatement.executeQuery(OraclePreparedStatement.java:3855) ~[ojdbc8-21.5.0.0.jar!/:21.5.0.0.0]
	at oracle.jdbc.driver.OraclePreparedStatementWrapper.executeQuery(OraclePreparedStatementWrapper.java:1098) ~[ojdbc8-21.5.0.0.jar!/:21.5.0.0.0]
	at com.zaxxer.hikari.pool.ProxyPreparedStatement.executeQuery(ProxyPreparedStatement.java:52) ~[HikariCP-4.0.3.jar!/:na]
	at com.zaxxer.hikari.pool.HikariProxyPreparedStatement.executeQuery(HikariProxyPreparedStatement.java) [HikariCP-4.0.3.jar!/:na]
	at org.springframework.jdbc.core.JdbcTemplate$1.doInPreparedStatement(JdbcTemplate.java:722) [spring-jdbc-5.3.22.jar!/:5.3.22]
	at org.springframework.jdbc.core.JdbcTemplate.execute(JdbcTemplate.java:651) [spring-jdbc-5.3.22.jar!/:5.3.22]
	at org.springframework.jdbc.core.JdbcTemplate.query(JdbcTemplate.java:713) [spring-jdbc-5.3.22.jar!/:5.3.22]
	at org.springframework.jdbc.core.JdbcTemplate.query(JdbcTemplate.java:744) [spring-jdbc-5.3.22.jar!/:5.3.22]
	at org.springframework.jdbc.core.JdbcTemplate.query(JdbcTemplate.java:799) [spring-jdbc-5.3.22.jar!/:5.3.22]
	at com.mig.watch.dao.MigSelectDao.selectSqlPaging(MigSelectDao.java:72) [classes!/:na]
	at com.mig.watch.dao.MigSelectDao.migSelectMain(MigSelectDao.java:31) [classes!/:na]
	at com.mig.watch.dao.MigSelectDao$$FastClassBySpringCGLIB$$93c52ab6.invoke(<generated>) [classes!/:na]
	at org.springframework.cglib.proxy.MethodProxy.invoke(MethodProxy.java:218) [spring-core-5.3.22.jar!/:5.3.22]
	at org.springframework.aop.framework.CglibAopProxy$CglibMethodInvocation.invokeJoinpoint(CglibAopProxy.java:793) [spring-aop-5.3.22.jar!/:5.3.22]
	at org.springframework.aop.framework.ReflectiveMethodInvocation.proceed(ReflectiveMethodInvocation.java:163) [spring-aop-5.3.22.jar!/:5.3.22]
	at org.springframework.aop.framework.CglibAopProxy$CglibMethodInvocation.proceed(CglibAopProxy.java:763) [spring-aop-5.3.22.jar!/:5.3.22]
	at org.springframework.dao.support.PersistenceExceptionTranslationInterceptor.invoke(PersistenceExceptionTranslationInterceptor.java:137) [spring-tx-5.3.22.jar!/:5.3.22]
	at org.springframework.aop.framework.ReflectiveMethodInvocation.proceed(ReflectiveMethodInvocation.java:186) [spring-aop-5.3.22.jar!/:5.3.22]
	at org.springframework.aop.framework.CglibAopProxy$CglibMethodInvocation.proceed(CglibAopProxy.java:763) [spring-aop-5.3.22.jar!/:5.3.22]
	at org.springframework.aop.framework.CglibAopProxy$DynamicAdvisedInterceptor.intercept(CglibAopProxy.java:708) [spring-aop-5.3.22.jar!/:5.3.22]
	at com.mig.watch.dao.MigSelectDao$$EnhancerBySpringCGLIB$$6119756e.migSelectMain(<generated>) [classes!/:na]
	at com.mig.watch.service.MigJobService.migJobMain(MigJobService.java:46) [classes!/:na]
	at com.mig.watch.WatchLauncher.onApplicationEvent(WatchLauncher.java:61) [classes!/:na]
	at com.mig.watch.WatchLauncher.onApplicationEvent(WatchLauncher.java:20) [classes!/:na]
	at org.springframework.context.event.SimpleApplicationEventMulticaster.doInvokeListener(SimpleApplicationEventMulticaster.java:176) [spring-context-5.3.22.jar!/:5.3.22]
	at org.springframework.context.event.SimpleApplicationEventMulticaster.invokeListener(SimpleApplicationEventMulticaster.java:169) [spring-context-5.3.22.jar!/:5.3.22]
	at org.springframework.context.event.SimpleApplicationEventMulticaster.multicastEvent(SimpleApplicationEventMulticaster.java:143) [spring-context-5.3.22.jar!/:5.3.22]
	at org.springframework.context.support.AbstractApplicationContext.publishEvent(AbstractApplicationContext.java:421) [spring-context-5.3.22.jar!/:5.3.22]
	at org.springframework.context.support.AbstractApplicationContext.publishEvent(AbstractApplicationContext.java:378) [spring-context-5.3.22.jar!/:5.3.22]
	at org.springframework.boot.context.event.EventPublishingRunListener.ready(EventPublishingRunListener.java:114) [spring-boot-2.7.3.jar!/:2.7.3]
	at org.springframework.boot.SpringApplicationRunListeners.lambda$ready$6(SpringApplicationRunListeners.java:82) [spring-boot-2.7.3.jar!/:2.7.3]
	at java.util.ArrayList.forEach(ArrayList.java:1257) ~[na:1.8.0_211]
	at org.springframework.boot.SpringApplicationRunListeners.doWithListeners(SpringApplicationRunListeners.java:120) [spring-boot-2.7.3.jar!/:2.7.3]
	at org.springframework.boot.SpringApplicationRunListeners.doWithListeners(SpringApplicationRunListeners.java:114) [spring-boot-2.7.3.jar!/:2.7.3]
	at org.springframework.boot.SpringApplicationRunListeners.ready(SpringApplicationRunListeners.java:82) [spring-boot-2.7.3.jar!/:2.7.3]
	at org.springframework.boot.SpringApplication.run(SpringApplication.java:323) ~[spring-boot-2.7.3.jar!/:2.7.3]
	at org.springframework.boot.SpringApplication.run(SpringApplication.java:1306) ~[spring-boot-2.7.3.jar!/:2.7.3]
	at org.springframework.boot.SpringApplication.run(SpringApplication.java:1295) ~[spring-boot-2.7.3.jar!/:2.7.3]
	at com.mig.MigApplication.main(MigApplication.java:14) ~[classes!/:na]
	at sun.reflect.NativeMethodAccessorImpl.invoke0(Native Method) ~[na:1.8.0_211]
	at sun.reflect.NativeMethodAccessorImpl.invoke(NativeMethodAccessorImpl.java:62) ~[na:1.8.0_211]
	at sun.reflect.DelegatingMethodAccessorImpl.invoke(DelegatingMethodAccessorImpl.java:43) ~[na:1.8.0_211]
	at java.lang.reflect.Method.invoke(Method.java:498) ~[na:1.8.0_211]
	at org.springframework.boot.loader.MainMethodRunner.run(MainMethodRunner.java:49) ~[mig-0.0.1-SNAPSHOT.jar:na]
	at org.springframework.boot.loader.Launcher.launch(Launcher.java:108) ~[mig-0.0.1-SNAPSHOT.jar:na]
	at org.springframework.boot.loader.Launcher.launch(Launcher.java:58) ~[mig-0.0.1-SNAPSHOT.jar:na]
	at org.springframework.boot.loader.JarLauncher.main(JarLauncher.java:65) ~[mig-0.0.1-SNAPSHOT.jar:na]
Caused by: java.nio.channels.AsynchronousCloseException: null
	at java.nio.channels.spi.AbstractInterruptibleChannel.end(AbstractInterruptibleChannel.java:205) ~[na:1.8.0_211]
	at sun.nio.ch.SocketChannelImpl.read(SocketChannelImpl.java:407) ~[na:1.8.0_211]
	at oracle.net.nt.TimeoutSocketChannel.read(TimeoutSocketChannel.java:416) ~[ojdbc8-21.5.0.0.jar!/:21.5.0.0.0]
	at oracle.net.ns.NSProtocolNIO.doSocketRead(NSProtocolNIO.java:1119) ~[ojdbc8-21.5.0.0.jar!/:21.5.0.0.0]
	at oracle.net.ns.NIOPacket.readHeader(NIOPacket.java:267) ~[ojdbc8-21.5.0.0.jar!/:21.5.0.0.0]
	at oracle.net.ns.NIOPacket.readPacketFromSocketChannel(NIOPacket.java:199) ~[ojdbc8-21.5.0.0.jar!/:21.5.0.0.0]
	at oracle.net.ns.NIOPacket.readFromSocketChannel(NIOPacket.java:141) ~[ojdbc8-21.5.0.0.jar!/:21.5.0.0.0]
	at oracle.net.ns.NIOPacket.readFromSocketChannel(NIOPacket.java:114) ~[ojdbc8-21.5.0.0.jar!/:21.5.0.0.0]
	at oracle.net.ns.NIONSDataChannel.readDataFromSocketChannel(NIONSDataChannel.java:98) ~[ojdbc8-21.5.0.0.jar!/:21.5.0.0.0]
	at oracle.jdbc.driver.T4CMAREngineNIO.prepareForUnmarshall(T4CMAREngineNIO.java:834) ~[ojdbc8-21.5.0.0.jar!/:21.5.0.0.0]
	at oracle.jdbc.driver.T4CMAREngineNIO.getNBytes(T4CMAREngineNIO.java:636) ~[ojdbc8-21.5.0.0.jar!/:21.5.0.0.0]
	at oracle.jdbc.driver.T4CMAREngineNIO.unmarshalNBytes(T4CMAREngineNIO.java:605) ~[ojdbc8-21.5.0.0.jar!/:21.5.0.0.0]
	at oracle.jdbc.driver.DynamicByteArray.unmarshalBuffer(DynamicByteArray.java:304) ~[ojdbc8-21.5.0.0.jar!/:21.5.0.0.0]
	at oracle.jdbc.driver.DynamicByteArray.unmarshalCLR(DynamicByteArray.java:219) ~[ojdbc8-21.5.0.0.jar!/:21.5.0.0.0]
	at oracle.jdbc.driver.T4CMarshaller$BasicMarshaller.unmarshalBytes(T4CMarshaller.java:136) ~[ojdbc8-21.5.0.0.jar!/:21.5.0.0.0]
	at oracle.jdbc.driver.T4CMarshaller$BasicMarshaller.unmarshalOneRow(T4CMarshaller.java:115) ~[ojdbc8-21.5.0.0.jar!/:21.5.0.0.0]
	at oracle.jdbc.driver.T4CVarcharAccessor.unmarshalOneRow(T4CVarcharAccessor.java:239) ~[ojdbc8-21.5.0.0.jar!/:21.5.0.0.0]
	at oracle.jdbc.driver.T4CTTIrxd.unmarshal(T4CTTIrxd.java:1652) ~[ojdbc8-21.5.0.0.jar!/:21.5.0.0.0]
	at oracle.jdbc.driver.T4CTTIrxd.unmarshal(T4CTTIrxd.java:1369) ~[ojdbc8-21.5.0.0.jar!/:21.5.0.0.0]
	at oracle.jdbc.driver.T4C8Oall.readRXD(T4C8Oall.java:935) ~[ojdbc8-21.5.0.0.jar!/:21.5.0.0.0]
	at oracle.jdbc.driver.T4CTTIfun.receive(T4CTTIfun.java:683) ~[ojdbc8-21.5.0.0.jar!/:21.5.0.0.0]
	at oracle.jdbc.driver.T4CTTIfun.doRPC(T4CTTIfun.java:299) ~[ojdbc8-21.5.0.0.jar!/:21.5.0.0.0]
	at oracle.jdbc.driver.T4C8Oall.doOALL(T4C8Oall.java:498) ~[ojdbc8-21.5.0.0.jar!/:21.5.0.0.0]
	at oracle.jdbc.driver.T4CPreparedStatement.doOall8(T4CPreparedStatement.java:152) ~[ojdbc8-21.5.0.0.jar!/:21.5.0.0.0]
	at oracle.jdbc.driver.T4CPreparedStatement.executeForDescribe(T4CPreparedStatement.java:937) ~[ojdbc8-21.5.0.0.jar!/:21.5.0.0.0]
	... 52 common frames omitted

2022-09-08 14:27:36.212  INFO 29660 --- [SpringApplicationShutdownHook] com.zaxxer.hikari.HikariDataSource       : HikariPool-1 - Shutdown completed.
2022-09-08 14:27:36.224  INFO 29660 --- [SpringApplicationShutdownHook] com.zaxxer.hikari.HikariDataSource       : HikariPool-2 - Shutdown initiated...
2022-09-08 14:27:36.244  INFO 29660 --- [SpringApplicationShutdownHook] com.zaxxer.hikari.HikariDataSource       : HikariPool-2 - Shutdown completed.
2022-09-08 14:27:36.246  INFO 29660 --- [SpringApplicationShutdownHook] com.zaxxer.hikari.HikariDataSource       : HikariPool-3 - Shutdown initiated...
2022-09-08 14:27:36.264  INFO 29660 --- [SpringApplicationShutdownHook] com.zaxxer.hikari.HikariDataSource       : HikariPool-3 - Shutdown completed.
